
Apr 24, 2023 24:57:43.597 NEW SESSION
Apr 24, 2023 24:57:43.597 [10700:21496:0424/005743.595:ERROR:device_event_log_impl.cc(222)] [00:57:43.596] USB: usb_device_handle_win.cc:1046 Failed to read descriptor from node connection: A device attached to the system is not functioning. (0x1F)
Apr 24, 2023 24:57:44.146 INFO: Created TensorFlow Lite XNNPACK delegate for CPU.
Apr 24, 2023 01:04:50.319 [28216:20484:0424/010450.319:ERROR:device_event_log_impl.cc(222)] [01:04:50.319] USB: usb_device_handle_win.cc:1046 Failed to read descriptor from node connection: A device attached to the system is not functioning. (0x1F)
Apr 24, 2023 01:04:50.590 INFO: Created TensorFlow Lite XNNPACK delegate for CPU.
Apr 24, 2023 01:08:11.176 [2044:23216:0424/010811.176:ERROR:device_event_log_impl.cc(222)] [01:08:11.176] USB: usb_device_handle_win.cc:1046 Failed to read descriptor from node connection: A device attached to the system is not functioning. (0x1F)
Apr 24, 2023 01:08:11.470 INFO: Created TensorFlow Lite XNNPACK delegate for CPU.

Apr 26, 2023 14:17:11.82 NEW SESSION
Apr 26, 2023 14:17:11.82 [19884:10276:0426/141711.080:ERROR:device_event_log_impl.cc(222)] [14:17:11.080] USB: usb_device_handle_win.cc:1046 Failed to read descriptor from node connection: A device attached to the system is not functioning. (0x1F)
Apr 26, 2023 14:17:11.263 [19884:16592:0426/141711.262:ERROR:connection_factory_impl.cc(429)] Failed to connect to MCS endpoint with error -106
Apr 26, 2023 14:17:11.617 INFO: Created TensorFlow Lite XNNPACK delegate for CPU.
Apr 26, 2023 14:17:39.227 [19884:16592:0426/141739.227:ERROR:connection_factory_impl.cc(429)] Failed to connect to MCS endpoint with error -106
Apr 26, 2023 14:18:21.304 [19884:16592:0426/141821.304:ERROR:connection_factory_impl.cc(429)] Failed to connect to MCS endpoint with error -106

May 04, 2023 14:10:15.789 NEW SESSION
May 04, 2023 14:10:15.789 [14048:3408:0504/141015.786:ERROR:interface_endpoint_client.cc(696)] Message 5 rejected by interface blink.mojom.WidgetHost

May 04, 2023 20:21:55.862 NEW SESSION
May 04, 2023 20:21:55.862 [19668:21960:0504/202155.862:ERROR:gpu_process_host.cc(953)] GPU process exited unexpectedly: exit_code=34
May 04, 2023 20:27:50.745 [19668:20736:0504/202750.745:ERROR:connection_factory_impl.cc(471)] ConnectionHandler failed with net error: -2

May 06, 2023 13:57:08.538 NEW SESSION
May 06, 2023 13:57:08.538 [10024:6132:0506/135708.536:ERROR:device_event_log_impl.cc(222)] [13:57:08.536] USB: usb_service_win.cc:104 SetupDiGetDeviceProperty({{A45C254E-DF1C-4EFD-8020-67D146A850E0}, 6}) failed: Element not found. (0x490)
May 06, 2023 14:13:01.586 [10024:16260:0506/141301.586:ERROR:connection_factory_impl.cc(428)] Failed to connect to MCS endpoint with error -106
May 06, 2023 14:13:22.477 [10024:16260:0506/141322.477:ERROR:connection_factory_impl.cc(428)] Failed to connect to MCS endpoint with error -105
May 06, 2023 14:13:35.71 [10024:16260:0506/141335.071:ERROR:connection_factory_impl.cc(428)] Failed to connect to MCS endpoint with error -105
May 06, 2023 14:13:37.102 [10024:16260:0506/141337.102:ERROR:connection_factory_impl.cc(428)] Failed to connect to MCS endpoint with error -106
May 06, 2023 14:14:11.610 [10024:16260:0506/141411.610:ERROR:connection_factory_impl.cc(428)] Failed to connect to MCS endpoint with error -105

May 09, 2023 09:31:39.32 NEW SESSION
May 09, 2023 09:31:39.32 [18292:15632:0509/093139.031:ERROR:connection_factory_impl.cc(428)] Failed to connect to MCS endpoint with error -106
May 09, 2023 09:32:05.49 [18292:15632:0509/093205.049:ERROR:connection_factory_impl.cc(428)] Failed to connect to MCS endpoint with error -106
May 09, 2023 09:32:52.822 [18292:15632:0509/093252.822:ERROR:connection_factory_impl.cc(428)] Failed to connect to MCS endpoint with error -106
May 09, 2023 09:50:42.256 [18292:15632:0509/095042.256:ERROR:connection_factory_impl.cc(471)] ConnectionHandler failed with net error: -2
May 09, 2023 09:50:44.797 [18292:15632:0509/095044.797:ERROR:connection_factory_impl.cc(428)] Failed to connect to MCS endpoint with error -105
May 09, 2023 09:50:50.932 [18292:15632:0509/095050.931:ERROR:connection_factory_impl.cc(428)] Failed to connect to MCS endpoint with error -105
May 09, 2023 09:50:54.459 [18292:15632:0509/095054.459:ERROR:connection_factory_impl.cc(428)] Failed to connect to MCS endpoint with error -105
May 09, 2023 09:52:46.474 [18292:15632:0509/095246.474:ERROR:connection_factory_impl.cc(428)] Failed to connect to MCS endpoint with error -105
May 09, 2023 09:56:00.559 [18292:15632:0509/095600.559:ERROR:connection_factory_impl.cc(428)] Failed to connect to MCS endpoint with error -105
May 09, 2023 09:58:10.01 [18292:15632:0509/095810.001:ERROR:connection_factory_impl.cc(428)] Failed to connect to MCS endpoint with error -106
May 09, 2023 09:58:50.747 [18292:15632:0509/095850.747:ERROR:connection_factory_impl.cc(471)] ConnectionHandler failed with net error: -2
May 09, 2023 09:58:52.773 [18292:15632:0509/095852.773:ERROR:connection_factory_impl.cc(428)] Failed to connect to MCS endpoint with error -106
May 09, 2023 09:58:53.682 [18292:14892:0509/095853.681:ERROR:device_event_log_impl.cc(222)] [09:58:53.682] USB: usb_service_win.cc:104 SetupDiGetDeviceProperty({{A45C254E-DF1C-4EFD-8020-67D146A850E0}, 6}) failed: Element not found. (0x490)
May 09, 2023 10:00:04.326 [18292:15632:0509/100004.326:ERROR:connection_factory_impl.cc(428)] Failed to connect to MCS endpoint with error -105
May 09, 2023 10:00:08.872 [18292:15632:0509/100008.872:ERROR:connection_factory_impl.cc(428)] Failed to connect to MCS endpoint with error -105
May 09, 2023 10:00:12.922 [18292:15632:0509/100012.922:ERROR:connection_factory_impl.cc(428)] Failed to connect to MCS endpoint with error -105
May 09, 2023 10:00:16.446 [18292:15632:0509/100016.446:ERROR:connection_factory_impl.cc(428)] Failed to connect to MCS endpoint with error -105
May 09, 2023 10:00:50.437 [18292:15632:0509/100050.437:ERROR:connection_factory_impl.cc(428)] Failed to connect to MCS endpoint with error -105
May 09, 2023 10:04:49.932 [18292:15632:0509/100449.932:ERROR:connection_factory_impl.cc(428)] Failed to connect to MCS endpoint with error -105

May 10, 2023 13:21:03.245 NEW SESSION
May 10, 2023 13:21:03.253 [19636:11864:0510/132103.245:ERROR:connection_factory_impl.cc(428)] Failed to connect to MCS endpoint with error -106
May 10, 2023 13:21:31.372 [19636:11864:0510/132131.372:ERROR:connection_factory_impl.cc(428)] Failed to connect to MCS endpoint with error -106
May 10, 2023 13:22:28.59 [19636:11864:0510/132228.059:ERROR:connection_factory_impl.cc(428)] Failed to connect to MCS endpoint with error -106
May 10, 2023 13:23:58.997 [19636:11864:0510/132358.997:ERROR:connection_factory_impl.cc(428)] Failed to connect to MCS endpoint with error -106

May 11, 2023 10:26:05.393 NEW SESSION
May 11, 2023 10:26:05.393 [20704:7772:0511/102605.390:ERROR:device_event_log_impl.cc(222)] [10:26:05.390] USB: usb_service_win.cc:104 SetupDiGetDeviceProperty({{A45C254E-DF1C-4EFD-8020-67D146A850E0}, 6}) failed: Element not found. (0x490)
May 11, 2023 11:37:55.33 [20704:2184:0511/113755.032:ERROR:connection_factory_impl.cc(471)] ConnectionHandler failed with net error: -2
